[2024-11-06 19:00:39] local.ERROR: SQLSTATE[HY000] [1045] Access denied for user ''@'localhost' (using password: NO) (Connection: mysql, SQL: insert into `telescope_entries` (`batch_id`, `content`, `created_at`, `family_hash`, `type`, `uuid`) values (9d6d1d06-357a-4e33-90e0-6379f3d1973a, {"command":"vendor:publish","exit_code":0,"arguments":{"command":"vendor:publish"},"options":{"existing":false,"force":true,"all":false,"provider":null,"tag":["laravel-assets"],"help":false,"quiet":false,"verbose":false,"version":false,"ansi":true,"no-interaction":false,"env":null},"hostname":"BRS-TM"}, 2024-11-06 19:00:39, ?, command, 9d6d1d06-31c2-4b25-a45a-fdc9a7939ad3)) {"exception":"[object] (Illuminate\\Database\\QueryException(code: 1045): SQLSTATE[HY000] [1045] Access denied for user ''@'localhost' (using password: NO) (Connection: mysql, SQL: insert into `telescope_entries` (`batch_id`, `content`, `created_at`, `family_hash`, `type`, `uuid`) values (9d6d1d06-357a-4e33-90e0-6379f3d1973a, {\"command\":\"vendor:publish\",\"exit_code\":0,\"arguments\":{\"command\":\"vendor:publish\"},\"options\":{\"existing\":false,\"force\":true,\"all\":false,\"provider\":null,\"tag\":[\"laravel-assets\"],\"help\":false,\"quiet\":false,\"verbose\":false,\"version\":false,\"ansi\":true,\"no-interaction\":false,\"env\":null},\"hostname\":\"BRS-TM\"}, 2024-11-06 19:00:39, ?, command, 9d6d1d06-31c2-4b25-a45a-fdc9a7939ad3)) at C:\\xampp\\htdocs\\proje\\vendor\\laravel\\framework\\src\\Illuminate\\Database\\Connection.php:829)
[stacktrace]
#0 C:\\xampp\\htdocs\\proje\\vendor\\laravel\\framework\\src\\Illuminate\\Database\\Connection.php(783): Illuminate\\Database\\Connection->runQueryCallback('insert into `te...', Array, Object(Closure))
#1 C:\\xampp\\htdocs\\proje\\vendor\\laravel\\framework\\src\\Illuminate\\Database\\MySqlConnection.php(34): Illuminate\\Database\\Connection->run('insert into `te...', Array, Object(Closure))
#2 C:\\xampp\\htdocs\\proje\\vendor\\laravel\\framework\\src\\Illuminate\\Database\\Query\\Builder.php(3498): Illuminate\\Database\\MySqlConnection->insert('insert into `te...', Array)
#3 C:\\xampp\\htdocs\\proje\\vendor\\laravel\\telescope\\src\\Storage\\DatabaseEntriesRepository.php(145): Illuminate\\Database\\Query\\Builder->insert(Array)
#4 C:\\xampp\\htdocs\\proje\\vendor\\laravel\\framework\\src\\Illuminate\\Collections\\Traits\\EnumeratesValues.php(240): Laravel\\Telescope\\Storage\\DatabaseEntriesRepository->Laravel\\Telescope\\Storage\\{closure}(Object(Illuminate\\Support\\Collection), 0)
#5 C:\\xampp\\htdocs\\proje\\vendor\\laravel\\telescope\\src\\Storage\\DatabaseEntriesRepository.php(144): Illuminate\\Support\\Collection->each(Object(Closure))
#6 C:\\xampp\\htdocs\\proje\\vendor\\laravel\\telescope\\src\\Telescope.php(668): Laravel\\Telescope\\Storage\\DatabaseEntriesRepository->store(Object(Illuminate\\Support\\Collection))
#7 [internal function]: Laravel\\Telescope\\Telescope::Laravel\\Telescope\\{closure}()
#8 C:\\xampp\\htdocs\\proje\\vendor\\laravel\\telescope\\src\\Telescope.php(293): call_user_func(Object(Closure))
#9 C:\\xampp\\htdocs\\proje\\vendor\\laravel\\telescope\\src\\Telescope.php(660): Laravel\\Telescope\\Telescope::withoutRecording(Object(Closure))
#10 C:\\xampp\\htdocs\\proje\\vendor\\laravel\\telescope\\src\\ListensForStorageOpportunities.php(65): Laravel\\Telescope\\Telescope::store(Object(Laravel\\Telescope\\Storage\\DatabaseEntriesRepository))
#11 C:\\xampp\\htdocs\\proje\\vendor\\laravel\\framework\\src\\Illuminate\\Container\\BoundMethod.php(36): Laravel\\Telescope\\Telescope::Laravel\\Telescope\\{closure}()
#12 C:\\xampp\\htdocs\\proje\\vendor\\laravel\\framework\\src\\Illuminate\\Container\\Util.php(41): Illuminate\\Container\\BoundMethod::Illuminate\\Container\\{closure}()
#13 C:\\xampp\\htdocs\\proje\\vendor\\laravel\\framework\\src\\Illuminate\\Container\\BoundMethod.php(81): Illuminate\\Container\\Util::unwrapIfClosure(Object(Closure))
#14 C:\\xampp\\htdocs\\proje\\vendor\\laravel\\framework\\src\\Illuminate\\Container\\BoundMethod.php(35): Illuminate\\Container\\BoundMethod::callBoundMethod(Object(Illuminate\\Foundation\\Application), Object(Closure), Object(Closure))
#15 C:\\xampp\\htdocs\\proje\\vendor\\laravel\\framework\\src\\Illuminate\\Container\\Container.php(662): Illuminate\\Container\\BoundMethod::call(Object(Illuminate\\Foundation\\Application), Object(Closure), Array, NULL)
#16 C:\\xampp\\htdocs\\proje\\vendor\\laravel\\framework\\src\\Illuminate\\Foundation\\Application.php(1278): Illuminate\\Container\\Container->call(Object(Closure))
#17 C:\\xampp\\htdocs\\proje\\vendor\\laravel\\framework\\src\\Illuminate\\Foundation\\Console\\Kernel.php(220): Illuminate\\Foundation\\Application->terminate()
#18 C:\\xampp\\htdocs\\proje\\artisan(51): Illuminate\\Foundation\\Console\\Kernel->terminate(Object(Symfony\\Component\\Console\\Input\\ArgvInput), 0)
#19 {main}

[previous exception] [object] (PDOException(code: 1045): SQLSTATE[HY000] [1045] Access denied for user ''@'localhost' (using password: NO) at C:\\xampp\\htdocs\\proje\\vendor\\laravel\\framework\\src\\Illuminate\\Database\\Connectors\\Connector.php:65)
[stacktrace]
#0 C:\\xampp\\htdocs\\proje\\vendor\\laravel\\framework\\src\\Illuminate\\Database\\Connectors\\Connector.php(65): PDO->__construct('mysql:host=127....', '', Object(SensitiveParameterValue), Array)
#1 C:\\xampp\\htdocs\\proje\\vendor\\laravel\\framework\\src\\Illuminate\\Database\\Connectors\\Connector.php(44): Illuminate\\Database\\Connectors\\Connector->createPdoConnection('mysql:host=127....', '', '', Array)
#2 C:\\xampp\\htdocs\\proje\\vendor\\laravel\\framework\\src\\Illuminate\\Database\\Connectors\\MySqlConnector.php(24): Illuminate\\Database\\Connectors\\Connector->createConnection('mysql:host=127....', Array, Array)
#3 C:\\xampp\\htdocs\\proje\\vendor\\laravel\\framework\\src\\Illuminate\\Database\\Connectors\\ConnectionFactory.php(184): Illuminate\\Database\\Connectors\\MySqlConnector->connect(Array)
#4 [internal function]: Illuminate\\Database\\Connectors\\ConnectionFactory->Illuminate\\Database\\Connectors\\{closure}()
#5 C:\\xampp\\htdocs\\proje\\vendor\\laravel\\framework\\src\\Illuminate\\Database\\Connection.php(1339): call_user_func(Object(Closure))
#6 C:\\xampp\\htdocs\\proje\\vendor\\laravel\\framework\\src\\Illuminate\\Database\\MySqlConnection.php(39): Illuminate\\Database\\Connection->getPdo()
#7 C:\\xampp\\htdocs\\proje\\vendor\\laravel\\framework\\src\\Illuminate\\Database\\Connection.php(816): Illuminate\\Database\\MySqlConnection->Illuminate\\Database\\{closure}('insert into `te...', Array)
#8 C:\\xampp\\htdocs\\proje\\vendor\\laravel\\framework\\src\\Illuminate\\Database\\Connection.php(783): Illuminate\\Database\\Connection->runQueryCallback('insert into `te...', Array, Object(Closure))
#9 C:\\xampp\\htdocs\\proje\\vendor\\laravel\\framework\\src\\Illuminate\\Database\\MySqlConnection.php(34): Illuminate\\Database\\Connection->run('insert into `te...', Array, Object(Closure))
#10 C:\\xampp\\htdocs\\proje\\vendor\\laravel\\framework\\src\\Illuminate\\Database\\Query\\Builder.php(3498): Illuminate\\Database\\MySqlConnection->insert('insert into `te...', Array)
#11 C:\\xampp\\htdocs\\proje\\vendor\\laravel\\telescope\\src\\Storage\\DatabaseEntriesRepository.php(145): Illuminate\\Database\\Query\\Builder->insert(Array)
#12 C:\\xampp\\htdocs\\proje\\vendor\\laravel\\framework\\src\\Illuminate\\Collections\\Traits\\EnumeratesValues.php(240): Laravel\\Telescope\\Storage\\DatabaseEntriesRepository->Laravel\\Telescope\\Storage\\{closure}(Object(Illuminate\\Support\\Collection), 0)
#13 C:\\xampp\\htdocs\\proje\\vendor\\laravel\\telescope\\src\\Storage\\DatabaseEntriesRepository.php(144): Illuminate\\Support\\Collection->each(Object(Closure))
#14 C:\\xampp\\htdocs\\proje\\vendor\\laravel\\telescope\\src\\Telescope.php(668): Laravel\\Telescope\\Storage\\DatabaseEntriesRepository->store(Object(Illuminate\\Support\\Collection))
#15 [internal function]: Laravel\\Telescope\\Telescope::Laravel\\Telescope\\{closure}()
#16 C:\\xampp\\htdocs\\proje\\vendor\\laravel\\telescope\\src\\Telescope.php(293): call_user_func(Object(Closure))
#17 C:\\xampp\\htdocs\\proje\\vendor\\laravel\\telescope\\src\\Telescope.php(660): Laravel\\Telescope\\Telescope::withoutRecording(Object(Closure))
#18 C:\\xampp\\htdocs\\proje\\vendor\\laravel\\telescope\\src\\ListensForStorageOpportunities.php(65): Laravel\\Telescope\\Telescope::store(Object(Laravel\\Telescope\\Storage\\DatabaseEntriesRepository))
#19 C:\\xampp\\htdocs\\proje\\vendor\\laravel\\framework\\src\\Illuminate\\Container\\BoundMethod.php(36): Laravel\\Telescope\\Telescope::Laravel\\Telescope\\{closure}()
#20 C:\\xampp\\htdocs\\proje\\vendor\\laravel\\framework\\src\\Illuminate\\Container\\Util.php(41): Illuminate\\Container\\BoundMethod::Illuminate\\Container\\{closure}()
#21 C:\\xampp\\htdocs\\proje\\vendor\\laravel\\framework\\src\\Illuminate\\Container\\BoundMethod.php(81): Illuminate\\Container\\Util::unwrapIfClosure(Object(Closure))
#22 C:\\xampp\\htdocs\\proje\\vendor\\laravel\\framework\\src\\Illuminate\\Container\\BoundMethod.php(35): Illuminate\\Container\\BoundMethod::callBoundMethod(Object(Illuminate\\Foundation\\Application), Object(Closure), Object(Closure))
#23 C:\\xampp\\htdocs\\proje\\vendor\\laravel\\framework\\src\\Illuminate\\Container\\Container.php(662): Illuminate\\Container\\BoundMethod::call(Object(Illuminate\\Foundation\\Application), Object(Closure), Array, NULL)
#24 C:\\xampp\\htdocs\\proje\\vendor\\laravel\\framework\\src\\Illuminate\\Foundation\\Application.php(1278): Illuminate\\Container\\Container->call(Object(Closure))
#25 C:\\xampp\\htdocs\\proje\\vendor\\laravel\\framework\\src\\Illuminate\\Foundation\\Console\\Kernel.php(220): Illuminate\\Foundation\\Application->terminate()
#26 C:\\xampp\\htdocs\\proje\\artisan(51): Illuminate\\Foundation\\Console\\Kernel->terminate(Object(Symfony\\Component\\Console\\Input\\ArgvInput), 0)
#27 {main}
"} 
[2024-11-06 19:02:38] local.ERROR: SQLSTATE[42S02]: Base table or view not found: 1146 Table 'project.telescope_entries' doesn't exist (Connection: mysql, SQL: insert into `telescope_entries` (`batch_id`, `content`, `created_at`, `family_hash`, `type`, `uuid`) values (9d6d1dbb-46c6-46d8-b94c-5c4630af4a85, {"connection":"mysql","bindings":[],"sql":"select table_name as `name`, (data_length + index_length) as `size`, table_comment as `comment`, engine as `engine`, table_collation as `collation` from information_schema.tables where table_schema = 'project' and table_type in ('BASE TABLE', 'SYSTEM VERSIONED') order by table_name","time":"5.25","slow":false,"file":"C:\\xampp\\htdocs\\proje\\artisan","line":35,"hash":"828b9d89a147c6a84117ae2c798cf091","hostname":"BRS-TM"}, 2024-11-06 19:02:38, ?, query, 9d6d1dbb-411e-4003-903e-fb5232ca631f), (9d6d1dbb-46c6-46d8-b94c-5c4630af4a85, {"command":"migrate:status","exit_code":1,"arguments":{"command":"migrate:status"},"options":{"database":null,"pending":false,"path":[],"realpath":false,"help":false,"quiet":false,"verbose":false,"version":false,"ansi":null,"no-interaction":false,"env":null},"hostname":"BRS-TM"}, 2024-11-06 19:02:38, ?, command, 9d6d1dbb-4626-4e68-bc50-a552ea6d9051)) {"exception":"[object] (Illuminate\\Database\\QueryException(code: 42S02): SQLSTATE[42S02]: Base table or view not found: 1146 Table 'project.telescope_entries' doesn't exist (Connection: mysql, SQL: insert into `telescope_entries` (`batch_id`, `content`, `created_at`, `family_hash`, `type`, `uuid`) values (9d6d1dbb-46c6-46d8-b94c-5c4630af4a85, {\"connection\":\"mysql\",\"bindings\":[],\"sql\":\"select table_name as `name`, (data_length + index_length) as `size`, table_comment as `comment`, engine as `engine`, table_collation as `collation` from information_schema.tables where table_schema = 'project' and table_type in ('BASE TABLE', 'SYSTEM VERSIONED') order by table_name\",\"time\":\"5.25\",\"slow\":false,\"file\":\"C:\\\\xampp\\\\htdocs\\\\proje\\\\artisan\",\"line\":35,\"hash\":\"828b9d89a147c6a84117ae2c798cf091\",\"hostname\":\"BRS-TM\"}, 2024-11-06 19:02:38, ?, query, 9d6d1dbb-411e-4003-903e-fb5232ca631f), (9d6d1dbb-46c6-46d8-b94c-5c4630af4a85, {\"command\":\"migrate:status\",\"exit_code\":1,\"arguments\":{\"command\":\"migrate:status\"},\"options\":{\"database\":null,\"pending\":false,\"path\":[],\"realpath\":false,\"help\":false,\"quiet\":false,\"verbose\":false,\"version\":false,\"ansi\":null,\"no-interaction\":false,\"env\":null},\"hostname\":\"BRS-TM\"}, 2024-11-06 19:02:38, ?, command, 9d6d1dbb-4626-4e68-bc50-a552ea6d9051)) at C:\\xampp\\htdocs\\proje\\vendor\\laravel\\framework\\src\\Illuminate\\Database\\Connection.php:829)
[stacktrace]
#0 C:\\xampp\\htdocs\\proje\\vendor\\laravel\\framework\\src\\Illuminate\\Database\\Connection.php(783): Illuminate\\Database\\Connection->runQueryCallback('insert into `te...', Array, Object(Closure))
#1 C:\\xampp\\htdocs\\proje\\vendor\\laravel\\framework\\src\\Illuminate\\Database\\MySqlConnection.php(34): Illuminate\\Database\\Connection->run('insert into `te...', Array, Object(Closure))
#2 C:\\xampp\\htdocs\\proje\\vendor\\laravel\\framework\\src\\Illuminate\\Database\\Query\\Builder.php(3498): Illuminate\\Database\\MySqlConnection->insert('insert into `te...', Array)
#3 C:\\xampp\\htdocs\\proje\\vendor\\laravel\\telescope\\src\\Storage\\DatabaseEntriesRepository.php(145): Illuminate\\Database\\Query\\Builder->insert(Array)
#4 C:\\xampp\\htdocs\\proje\\vendor\\laravel\\framework\\src\\Illuminate\\Collections\\Traits\\EnumeratesValues.php(240): Laravel\\Telescope\\Storage\\DatabaseEntriesRepository->Laravel\\Telescope\\Storage\\{closure}(Object(Illuminate\\Support\\Collection), 0)
#5 C:\\xampp\\htdocs\\proje\\vendor\\laravel\\telescope\\src\\Storage\\DatabaseEntriesRepository.php(144): Illuminate\\Support\\Collection->each(Object(Closure))
#6 C:\\xampp\\htdocs\\proje\\vendor\\laravel\\telescope\\src\\Telescope.php(668): Laravel\\Telescope\\Storage\\DatabaseEntriesRepository->store(Object(Illuminate\\Support\\Collection))
#7 [internal function]: Laravel\\Telescope\\Telescope::Laravel\\Telescope\\{closure}()
#8 C:\\xampp\\htdocs\\proje\\vendor\\laravel\\telescope\\src\\Telescope.php(293): call_user_func(Object(Closure))
#9 C:\\xampp\\htdocs\\proje\\vendor\\laravel\\telescope\\src\\Telescope.php(660): Laravel\\Telescope\\Telescope::withoutRecording(Object(Closure))
#10 C:\\xampp\\htdocs\\proje\\vendor\\laravel\\telescope\\src\\ListensForStorageOpportunities.php(65): Laravel\\Telescope\\Telescope::store(Object(Laravel\\Telescope\\Storage\\DatabaseEntriesRepository))
#11 C:\\xampp\\htdocs\\proje\\vendor\\laravel\\framework\\src\\Illuminate\\Container\\BoundMethod.php(36): Laravel\\Telescope\\Telescope::Laravel\\Telescope\\{closure}()
#12 C:\\xampp\\htdocs\\proje\\vendor\\laravel\\framework\\src\\Illuminate\\Container\\Util.php(41): Illuminate\\Container\\BoundMethod::Illuminate\\Container\\{closure}()
#13 C:\\xampp\\htdocs\\proje\\vendor\\laravel\\framework\\src\\Illuminate\\Container\\BoundMethod.php(81): Illuminate\\Container\\Util::unwrapIfClosure(Object(Closure))
#14 C:\\xampp\\htdocs\\proje\\vendor\\laravel\\framework\\src\\Illuminate\\Container\\BoundMethod.php(35): Illuminate\\Container\\BoundMethod::callBoundMethod(Object(Illuminate\\Foundation\\Application), Object(Closure), Object(Closure))
#15 C:\\xampp\\htdocs\\proje\\vendor\\laravel\\framework\\src\\Illuminate\\Container\\Container.php(662): Illuminate\\Container\\BoundMethod::call(Object(Illuminate\\Foundation\\Application), Object(Closure), Array, NULL)
#16 C:\\xampp\\htdocs\\proje\\vendor\\laravel\\framework\\src\\Illuminate\\Foundation\\Application.php(1278): Illuminate\\Container\\Container->call(Object(Closure))
#17 C:\\xampp\\htdocs\\proje\\vendor\\laravel\\framework\\src\\Illuminate\\Foundation\\Console\\Kernel.php(220): Illuminate\\Foundation\\Application->terminate()
#18 C:\\xampp\\htdocs\\proje\\artisan(51): Illuminate\\Foundation\\Console\\Kernel->terminate(Object(Symfony\\Component\\Console\\Input\\ArgvInput), 1)
#19 {main}

[previous exception] [object] (PDOException(code: 42S02): SQLSTATE[42S02]: Base table or view not found: 1146 Table 'project.telescope_entries' doesn't exist at C:\\xampp\\htdocs\\proje\\vendor\\laravel\\framework\\src\\Illuminate\\Database\\MySqlConnection.php:39)
[stacktrace]
#0 C:\\xampp\\htdocs\\proje\\vendor\\laravel\\framework\\src\\Illuminate\\Database\\MySqlConnection.php(39): PDO->prepare('insert into `te...')
#1 C:\\xampp\\htdocs\\proje\\vendor\\laravel\\framework\\src\\Illuminate\\Database\\Connection.php(816): Illuminate\\Database\\MySqlConnection->Illuminate\\Database\\{closure}('insert into `te...', Array)
#2 C:\\xampp\\htdocs\\proje\\vendor\\laravel\\framework\\src\\Illuminate\\Database\\Connection.php(783): Illuminate\\Database\\Connection->runQueryCallback('insert into `te...', Array, Object(Closure))
#3 C:\\xampp\\htdocs\\proje\\vendor\\laravel\\framework\\src\\Illuminate\\Database\\MySqlConnection.php(34): Illuminate\\Database\\Connection->run('insert into `te...', Array, Object(Closure))
#4 C:\\xampp\\htdocs\\proje\\vendor\\laravel\\framework\\src\\Illuminate\\Database\\Query\\Builder.php(3498): Illuminate\\Database\\MySqlConnection->insert('insert into `te...', Array)
#5 C:\\xampp\\htdocs\\proje\\vendor\\laravel\\telescope\\src\\Storage\\DatabaseEntriesRepository.php(145): Illuminate\\Database\\Query\\Builder->insert(Array)
#6 C:\\xampp\\htdocs\\proje\\vendor\\laravel\\framework\\src\\Illuminate\\Collections\\Traits\\EnumeratesValues.php(240): Laravel\\Telescope\\Storage\\DatabaseEntriesRepository->Laravel\\Telescope\\Storage\\{closure}(Object(Illuminate\\Support\\Collection), 0)
#7 C:\\xampp\\htdocs\\proje\\vendor\\laravel\\telescope\\src\\Storage\\DatabaseEntriesRepository.php(144): Illuminate\\Support\\Collection->each(Object(Closure))
#8 C:\\xampp\\htdocs\\proje\\vendor\\laravel\\telescope\\src\\Telescope.php(668): Laravel\\Telescope\\Storage\\DatabaseEntriesRepository->store(Object(Illuminate\\Support\\Collection))
#9 [internal function]: Laravel\\Telescope\\Telescope::Laravel\\Telescope\\{closure}()
#10 C:\\xampp\\htdocs\\proje\\vendor\\laravel\\telescope\\src\\Telescope.php(293): call_user_func(Object(Closure))
#11 C:\\xampp\\htdocs\\proje\\vendor\\laravel\\telescope\\src\\Telescope.php(660): Laravel\\Telescope\\Telescope::withoutRecording(Object(Closure))
#12 C:\\xampp\\htdocs\\proje\\vendor\\laravel\\telescope\\src\\ListensForStorageOpportunities.php(65): Laravel\\Telescope\\Telescope::store(Object(Laravel\\Telescope\\Storage\\DatabaseEntriesRepository))
#13 C:\\xampp\\htdocs\\proje\\vendor\\laravel\\framework\\src\\Illuminate\\Container\\BoundMethod.php(36): Laravel\\Telescope\\Telescope::Laravel\\Telescope\\{closure}()
#14 C:\\xampp\\htdocs\\proje\\vendor\\laravel\\framework\\src\\Illuminate\\Container\\Util.php(41): Illuminate\\Container\\BoundMethod::Illuminate\\Container\\{closure}()
#15 C:\\xampp\\htdocs\\proje\\vendor\\laravel\\framework\\src\\Illuminate\\Container\\BoundMethod.php(81): Illuminate\\Container\\Util::unwrapIfClosure(Object(Closure))
#16 C:\\xampp\\htdocs\\proje\\vendor\\laravel\\framework\\src\\Illuminate\\Container\\BoundMethod.php(35): Illuminate\\Container\\BoundMethod::callBoundMethod(Object(Illuminate\\Foundation\\Application), Object(Closure), Object(Closure))
#17 C:\\xampp\\htdocs\\proje\\vendor\\laravel\\framework\\src\\Illuminate\\Container\\Container.php(662): Illuminate\\Container\\BoundMethod::call(Object(Illuminate\\Foundation\\Application), Object(Closure), Array, NULL)
#18 C:\\xampp\\htdocs\\proje\\vendor\\laravel\\framework\\src\\Illuminate\\Foundation\\Application.php(1278): Illuminate\\Container\\Container->call(Object(Closure))
#19 C:\\xampp\\htdocs\\proje\\vendor\\laravel\\framework\\src\\Illuminate\\Foundation\\Console\\Kernel.php(220): Illuminate\\Foundation\\Application->terminate()
#20 C:\\xampp\\htdocs\\proje\\artisan(51): Illuminate\\Foundation\\Console\\Kernel->terminate(Object(Symfony\\Component\\Console\\Input\\ArgvInput), 1)
#21 {main}
"} 
[2024-11-06 19:03:48] local.ERROR: SQLSTATE[42S02]: Base table or view not found: 1146 Table 'project.telescope_entries' doesn't exist (Connection: mysql, SQL: insert into `telescope_entries` (`batch_id`, `content`, `created_at`, `family_hash`, `type`, `uuid`) values (9d6d1e27-470e-4d67-9abc-4b235fe6f86d, {"connection":"mysql","bindings":[],"sql":"select table_name as `name`, (data_length + index_length) as `size`, table_comment as `comment`, engine as `engine`, table_collation as `collation` from information_schema.tables where table_schema = 'project' and table_type in ('BASE TABLE', 'SYSTEM VERSIONED') order by table_name","time":"4.89","slow":false,"file":"C:\\xampp\\htdocs\\proje\\artisan","line":35,"hash":"828b9d89a147c6a84117ae2c798cf091","hostname":"BRS-TM"}, 2024-11-06 19:03:48, ?, query, 9d6d1e27-2e8a-4080-bd2d-42fb9663e7b3), (9d6d1e27-470e-4d67-9abc-4b235fe6f86d, {"connection":"mysql","bindings":[],"sql":"select `migration` from `migrations` order by `batch` asc, `migration` asc","time":"0.56","slow":false,"file":"C:\\xampp\\htdocs\\proje\\artisan","line":35,"hash":"ed08a59c7f0b8851f0fd2291ca94d5c7","hostname":"BRS-TM"}, 2024-11-06 19:03:48, ?, query, 9d6d1e27-32bf-414b-b758-1b6d67053a8a), (9d6d1e27-470e-4d67-9abc-4b235fe6f86d, {"connection":"mysql","bindings":[],"sql":"select `batch`, `migration` from `migrations` order by `batch` asc, `migration` asc","time":"0.38","slow":false,"file":"C:\\xampp\\htdocs\\proje\\artisan","line":35,"hash":"ef468451cf896db9aa75036f7d9b8b06","hostname":"BRS-TM"}, 2024-11-06 19:03:48, ?, query, 9d6d1e27-330b-4f36-8fed-5851eecf0339), (9d6d1e27-470e-4d67-9abc-4b235fe6f86d, {"command":"migrate:status","exit_code":0,"arguments":{"command":"migrate:status"},"options":{"database":null,"pending":false,"path":[],"realpath":false,"help":false,"quiet":false,"verbose":false,"version":false,"ansi":null,"no-interaction":false,"env":null},"hostname":"BRS-TM"}, 2024-11-06 19:03:48, ?, command, 9d6d1e27-4676-4f1e-9d4a-f56acb1ff2dc)) {"exception":"[object] (Illuminate\\Database\\QueryException(code: 42S02): SQLSTATE[42S02]: Base table or view not found: 1146 Table 'project.telescope_entries' doesn't exist (Connection: mysql, SQL: insert into `telescope_entries` (`batch_id`, `content`, `created_at`, `family_hash`, `type`, `uuid`) values (9d6d1e27-470e-4d67-9abc-4b235fe6f86d, {\"connection\":\"mysql\",\"bindings\":[],\"sql\":\"select table_name as `name`, (data_length + index_length) as `size`, table_comment as `comment`, engine as `engine`, table_collation as `collation` from information_schema.tables where table_schema = 'project' and table_type in ('BASE TABLE', 'SYSTEM VERSIONED') order by table_name\",\"time\":\"4.89\",\"slow\":false,\"file\":\"C:\\\\xampp\\\\htdocs\\\\proje\\\\artisan\",\"line\":35,\"hash\":\"828b9d89a147c6a84117ae2c798cf091\",\"hostname\":\"BRS-TM\"}, 2024-11-06 19:03:48, ?, query, 9d6d1e27-2e8a-4080-bd2d-42fb9663e7b3), (9d6d1e27-470e-4d67-9abc-4b235fe6f86d, {\"connection\":\"mysql\",\"bindings\":[],\"sql\":\"select `migration` from `migrations` order by `batch` asc, `migration` asc\",\"time\":\"0.56\",\"slow\":false,\"file\":\"C:\\\\xampp\\\\htdocs\\\\proje\\\\artisan\",\"line\":35,\"hash\":\"ed08a59c7f0b8851f0fd2291ca94d5c7\",\"hostname\":\"BRS-TM\"}, 2024-11-06 19:03:48, ?, query, 9d6d1e27-32bf-414b-b758-1b6d67053a8a), (9d6d1e27-470e-4d67-9abc-4b235fe6f86d, {\"connection\":\"mysql\",\"bindings\":[],\"sql\":\"select `batch`, `migration` from `migrations` order by `batch` asc, `migration` asc\",\"time\":\"0.38\",\"slow\":false,\"file\":\"C:\\\\xampp\\\\htdocs\\\\proje\\\\artisan\",\"line\":35,\"hash\":\"ef468451cf896db9aa75036f7d9b8b06\",\"hostname\":\"BRS-TM\"}, 2024-11-06 19:03:48, ?, query, 9d6d1e27-330b-4f36-8fed-5851eecf0339), (9d6d1e27-470e-4d67-9abc-4b235fe6f86d, {\"command\":\"migrate:status\",\"exit_code\":0,\"arguments\":{\"command\":\"migrate:status\"},\"options\":{\"database\":null,\"pending\":false,\"path\":[],\"realpath\":false,\"help\":false,\"quiet\":false,\"verbose\":false,\"version\":false,\"ansi\":null,\"no-interaction\":false,\"env\":null},\"hostname\":\"BRS-TM\"}, 2024-11-06 19:03:48, ?, command, 9d6d1e27-4676-4f1e-9d4a-f56acb1ff2dc)) at C:\\xampp\\htdocs\\proje\\vendor\\laravel\\framework\\src\\Illuminate\\Database\\Connection.php:829)
[stacktrace]
#0 C:\\xampp\\htdocs\\proje\\vendor\\laravel\\framework\\src\\Illuminate\\Database\\Connection.php(783): Illuminate\\Database\\Connection->runQueryCallback('insert into `te...', Array, Object(Closure))
#1 C:\\xampp\\htdocs\\proje\\vendor\\laravel\\framework\\src\\Illuminate\\Database\\MySqlConnection.php(34): Illuminate\\Database\\Connection->run('insert into `te...', Array, Object(Closure))
#2 C:\\xampp\\htdocs\\proje\\vendor\\laravel\\framework\\src\\Illuminate\\Database\\Query\\Builder.php(3498): Illuminate\\Database\\MySqlConnection->insert('insert into `te...', Array)
#3 C:\\xampp\\htdocs\\proje\\vendor\\laravel\\telescope\\src\\Storage\\DatabaseEntriesRepository.php(145): Illuminate\\Database\\Query\\Builder->insert(Array)
#4 C:\\xampp\\htdocs\\proje\\vendor\\laravel\\framework\\src\\Illuminate\\Collections\\Traits\\EnumeratesValues.php(240): Laravel\\Telescope\\Storage\\DatabaseEntriesRepository->Laravel\\Telescope\\Storage\\{closure}(Object(Illuminate\\Support\\Collection), 0)
#5 C:\\xampp\\htdocs\\proje\\vendor\\laravel\\telescope\\src\\Storage\\DatabaseEntriesRepository.php(144): Illuminate\\Support\\Collection->each(Object(Closure))
#6 C:\\xampp\\htdocs\\proje\\vendor\\laravel\\telescope\\src\\Telescope.php(668): Laravel\\Telescope\\Storage\\DatabaseEntriesRepository->store(Object(Illuminate\\Support\\Collection))
#7 [internal function]: Laravel\\Telescope\\Telescope::Laravel\\Telescope\\{closure}()
#8 C:\\xampp\\htdocs\\proje\\vendor\\laravel\\telescope\\src\\Telescope.php(293): call_user_func(Object(Closure))
#9 C:\\xampp\\htdocs\\proje\\vendor\\laravel\\telescope\\src\\Telescope.php(660): Laravel\\Telescope\\Telescope::withoutRecording(Object(Closure))
#10 C:\\xampp\\htdocs\\proje\\vendor\\laravel\\telescope\\src\\ListensForStorageOpportunities.php(65): Laravel\\Telescope\\Telescope::store(Object(Laravel\\Telescope\\Storage\\DatabaseEntriesRepository))
#11 C:\\xampp\\htdocs\\proje\\vendor\\laravel\\framework\\src\\Illuminate\\Container\\BoundMethod.php(36): Laravel\\Telescope\\Telescope::Laravel\\Telescope\\{closure}()
#12 C:\\xampp\\htdocs\\proje\\vendor\\laravel\\framework\\src\\Illuminate\\Container\\Util.php(41): Illuminate\\Container\\BoundMethod::Illuminate\\Container\\{closure}()
#13 C:\\xampp\\htdocs\\proje\\vendor\\laravel\\framework\\src\\Illuminate\\Container\\BoundMethod.php(81): Illuminate\\Container\\Util::unwrapIfClosure(Object(Closure))
#14 C:\\xampp\\htdocs\\proje\\vendor\\laravel\\framework\\src\\Illuminate\\Container\\BoundMethod.php(35): Illuminate\\Container\\BoundMethod::callBoundMethod(Object(Illuminate\\Foundation\\Application), Object(Closure), Object(Closure))
#15 C:\\xampp\\htdocs\\proje\\vendor\\laravel\\framework\\src\\Illuminate\\Container\\Container.php(662): Illuminate\\Container\\BoundMethod::call(Object(Illuminate\\Foundation\\Application), Object(Closure), Array, NULL)
#16 C:\\xampp\\htdocs\\proje\\vendor\\laravel\\framework\\src\\Illuminate\\Foundation\\Application.php(1278): Illuminate\\Container\\Container->call(Object(Closure))
#17 C:\\xampp\\htdocs\\proje\\vendor\\laravel\\framework\\src\\Illuminate\\Foundation\\Console\\Kernel.php(220): Illuminate\\Foundation\\Application->terminate()
#18 C:\\xampp\\htdocs\\proje\\artisan(51): Illuminate\\Foundation\\Console\\Kernel->terminate(Object(Symfony\\Component\\Console\\Input\\ArgvInput), 0)
#19 {main}

[previous exception] [object] (PDOException(code: 42S02): SQLSTATE[42S02]: Base table or view not found: 1146 Table 'project.telescope_entries' doesn't exist at C:\\xampp\\htdocs\\proje\\vendor\\laravel\\framework\\src\\Illuminate\\Database\\MySqlConnection.php:39)
[stacktrace]
#0 C:\\xampp\\htdocs\\proje\\vendor\\laravel\\framework\\src\\Illuminate\\Database\\MySqlConnection.php(39): PDO->prepare('insert into `te...')
#1 C:\\xampp\\htdocs\\proje\\vendor\\laravel\\framework\\src\\Illuminate\\Database\\Connection.php(816): Illuminate\\Database\\MySqlConnection->Illuminate\\Database\\{closure}('insert into `te...', Array)
#2 C:\\xampp\\htdocs\\proje\\vendor\\laravel\\framework\\src\\Illuminate\\Database\\Connection.php(783): Illuminate\\Database\\Connection->runQueryCallback('insert into `te...', Array, Object(Closure))
#3 C:\\xampp\\htdocs\\proje\\vendor\\laravel\\framework\\src\\Illuminate\\Database\\MySqlConnection.php(34): Illuminate\\Database\\Connection->run('insert into `te...', Array, Object(Closure))
#4 C:\\xampp\\htdocs\\proje\\vendor\\laravel\\framework\\src\\Illuminate\\Database\\Query\\Builder.php(3498): Illuminate\\Database\\MySqlConnection->insert('insert into `te...', Array)
#5 C:\\xampp\\htdocs\\proje\\vendor\\laravel\\telescope\\src\\Storage\\DatabaseEntriesRepository.php(145): Illuminate\\Database\\Query\\Builder->insert(Array)
#6 C:\\xampp\\htdocs\\proje\\vendor\\laravel\\framework\\src\\Illuminate\\Collections\\Traits\\EnumeratesValues.php(240): Laravel\\Telescope\\Storage\\DatabaseEntriesRepository->Laravel\\Telescope\\Storage\\{closure}(Object(Illuminate\\Support\\Collection), 0)
#7 C:\\xampp\\htdocs\\proje\\vendor\\laravel\\telescope\\src\\Storage\\DatabaseEntriesRepository.php(144): Illuminate\\Support\\Collection->each(Object(Closure))
#8 C:\\xampp\\htdocs\\proje\\vendor\\laravel\\telescope\\src\\Telescope.php(668): Laravel\\Telescope\\Storage\\DatabaseEntriesRepository->store(Object(Illuminate\\Support\\Collection))
#9 [internal function]: Laravel\\Telescope\\Telescope::Laravel\\Telescope\\{closure}()
#10 C:\\xampp\\htdocs\\proje\\vendor\\laravel\\telescope\\src\\Telescope.php(293): call_user_func(Object(Closure))
#11 C:\\xampp\\htdocs\\proje\\vendor\\laravel\\telescope\\src\\Telescope.php(660): Laravel\\Telescope\\Telescope::withoutRecording(Object(Closure))
#12 C:\\xampp\\htdocs\\proje\\vendor\\laravel\\telescope\\src\\ListensForStorageOpportunities.php(65): Laravel\\Telescope\\Telescope::store(Object(Laravel\\Telescope\\Storage\\DatabaseEntriesRepository))
#13 C:\\xampp\\htdocs\\proje\\vendor\\laravel\\framework\\src\\Illuminate\\Container\\BoundMethod.php(36): Laravel\\Telescope\\Telescope::Laravel\\Telescope\\{closure}()
#14 C:\\xampp\\htdocs\\proje\\vendor\\laravel\\framework\\src\\Illuminate\\Container\\Util.php(41): Illuminate\\Container\\BoundMethod::Illuminate\\Container\\{closure}()
#15 C:\\xampp\\htdocs\\proje\\vendor\\laravel\\framework\\src\\Illuminate\\Container\\BoundMethod.php(81): Illuminate\\Container\\Util::unwrapIfClosure(Object(Closure))
#16 C:\\xampp\\htdocs\\proje\\vendor\\laravel\\framework\\src\\Illuminate\\Container\\BoundMethod.php(35): Illuminate\\Container\\BoundMethod::callBoundMethod(Object(Illuminate\\Foundation\\Application), Object(Closure), Object(Closure))
#17 C:\\xampp\\htdocs\\proje\\vendor\\laravel\\framework\\src\\Illuminate\\Container\\Container.php(662): Illuminate\\Container\\BoundMethod::call(Object(Illuminate\\Foundation\\Application), Object(Closure), Array, NULL)
#18 C:\\xampp\\htdocs\\proje\\vendor\\laravel\\framework\\src\\Illuminate\\Foundation\\Application.php(1278): Illuminate\\Container\\Container->call(Object(Closure))
#19 C:\\xampp\\htdocs\\proje\\vendor\\laravel\\framework\\src\\Illuminate\\Foundation\\Console\\Kernel.php(220): Illuminate\\Foundation\\Application->terminate()
#20 C:\\xampp\\htdocs\\proje\\artisan(51): Illuminate\\Foundation\\Console\\Kernel->terminate(Object(Symfony\\Component\\Console\\Input\\ArgvInput), 0)
#21 {main}
"} 
